<?xml version="1.0" encoding="UTF-8"?>
<testng-results ignored="0" total="1" passed="1" failed="0" skipped="0">
  <reporter-output>
  </reporter-output>
  <suite started-at="2025-02-10T15:30:23 IST" name="Surefire suite" finished-at="2025-02-10T15:30:51 IST" duration-ms="28381">
    <groups>
    </groups>
    <test started-at="2025-02-10T15:30:23 IST" name="Surefire test" finished-at="2025-02-10T15:30:51 IST" duration-ms="28381">
      <class name="CalculatorTest">
        <test-method signature="testAddition()" started-at="2025-02-10T15:30:23 IST" name="testAddition" finished-at="2025-02-10T15:30:51 IST" duration-ms="28330" status="PASS">
          <reporter-output>
          </reporter-output>
        </test-method> <!-- testAddition -->
      </class> <!-- CalculatorTest -->
    </test> <!-- Surefire test -->
  </suite> <!-- Surefire suite -->
</testng-results>
